<?xml version="1.0" encoding="UTF-8"?>
<!-- Generated by org.testng.reporters.JUnitReportReporter -->
<testsuite hostname="AKHIL" failures="0" tests="3" name="testScripts.PlaceOrder" time="37.406" errors="0" timestamp="2023-05-17T11:31:44 IST" skipped="0">
  <testcase classname="testScripts.PlaceOrder" name="addCartItem" time="15.939"/>
  <system-out/>
  <testcase classname="testScripts.PlaceOrder" name="deleteCartItem" time="7.583"/>
  <system-out/>
  <testcase classname="testScripts.PlaceOrder" name="placeCartItem" time="13.884"/>
  <system-out/>
</testsuite> <!-- testScripts.PlaceOrder -->
