<?xml version="1.0" encoding="UTF-8"?>
<!-- Generated by org.testng.reporters.JUnitReportReporter -->
<testsuite hostname="AKHIL" failures="0" tests="3" name="testScripts.PlaceOrder" time="45.059" errors="0" timestamp="2023-05-17T11:14:26 IST" skipped="0">
  <testcase classname="testScripts.PlaceOrder" name="addCartItem" time="23.708"/>
  <system-out/>
  <testcase classname="testScripts.PlaceOrder" name="deleteCartItem" time="7.509"/>
  <system-out/>
  <testcase classname="testScripts.PlaceOrder" name="placeCartItem" time="13.842"/>
  <system-out/>
</testsuite> <!-- testScripts.PlaceOrder -->
